Line 46: Class MediaPlayerCtl.MediaPlayer of control glitch was not a loaded control class.
Line 113: Class MediaPlayerCtl.MediaPlayer of control glitch was not a loaded control class.
Line 180: Class MediaPlayerCtl.MediaPlayer of control glitch was not a loaded control class.
Line 247: Class MediaPlayerCtl.MediaPlayer of control glitch was not a loaded control class.
Line 314: Class MediaPlayerCtl.MediaPlayer of control glitch was not a loaded control class.
Line 676: Class MediaPlayerCtl.MediaPlayer of control wmp was not a loaded control class.
Line 54: The property name AudioStream in glitch is invalid.
Line 56: The property name AutoStart in glitch is invalid.
Line 57: The property name AnimationAtStart in glitch is invalid.
Line 58: The property name AllowScan in glitch is invalid.
Line 59: The property name AllowChangeDisplaySize in glitch is invalid.
Line 60: The property name AutoRewind in glitch is invalid.
Line 61: The property name Balance in glitch is invalid.
Line 62: The property name BaseURL in glitch is invalid.
Line 63: The property name BufferingTime in glitch is invalid.
Line 64: The property name CaptioningID in glitch is invalid.
Line 65: The property name ClickToPlay in glitch is invalid.
Line 66: The property name CursorType in glitch is invalid.
Line 67: The property name CurrentPosition in glitch is invalid.
Line 68: The property name CurrentMarker in glitch is invalid.
Line 69: The property name DefaultFrame in glitch is invalid.
Line 70: The property name DisplayBackColor in glitch is invalid.
Line 71: The property name DisplayForeColor in glitch is invalid.
Line 72: The property name DisplayMode in glitch is invalid.
Line 73: The property name DisplaySize in glitch is invalid.
Line 75: The property name EnableContextMenu in glitch is invalid.
Line 76: The property name EnablePositionControls in glitch is invalid.
Line 77: The property name EnableFullScreenControls in glitch is invalid.
Line 78: The property name EnableTracker in glitch is invalid.
Line 79: The property name Filename in glitch is invalid.
Line 80: The property name InvokeURLs in glitch is invalid.
Line 81: The property name Language in glitch is invalid.
Line 82: The property name Mute in glitch is invalid.
Line 83: The property name PlayCount in glitch is invalid.
Line 84: The property name PreviewMode in glitch is invalid.
Line 85: The property name Rate in glitch is invalid.
Line 86: The property name SAMILang in glitch is invalid.
Line 87: The property name SAMIStyle in glitch is invalid.
Line 88: The property name SAMIFileName in glitch is invalid.
Line 89: The property name SelectionStart in glitch is invalid.
Line 90: The property name SelectionEnd in glitch is invalid.
Line 91: The property name SendOpenStateChangeEvents in glitch is invalid.
Line 92: The property name SendWarningEvents in glitch is invalid.
Line 93: The property name SendErrorEvents in glitch is invalid.
Line 94: The property name SendKeyboardEvents in glitch is invalid.
Line 95: The property name SendMouseClickEvents in glitch is invalid.
Line 96: The property name SendMouseMoveEvents in glitch is invalid.
Line 97: The property name SendPlayStateChangeEvents in glitch is invalid.
Line 98: The property name ShowCaptioning in glitch is invalid.
Line 99: The property name ShowControls in glitch is invalid.
Line 100: The property name ShowAudioControls in glitch is invalid.
Line 101: The property name ShowDisplay in glitch is invalid.
Line 102: The property name ShowGotoBar in glitch is invalid.
Line 103: The property name ShowPositionControls in glitch is invalid.
Line 104: The property name ShowStatusBar in glitch is invalid.
Line 105: The property name ShowTracker in glitch is invalid.
Line 106: The property name TransparentAtStart in glitch is invalid.
Line 107: The property name VideoBorderWidth in glitch is invalid.
Line 108: The property name VideoBorderColor in glitch is invalid.
Line 109: The property name VideoBorder3D in glitch is invalid.
Line 110: The property name Volume in glitch is invalid.
Line 111: The property name WindowlessVideo in glitch is invalid.
Line 121: The property name AudioStream in glitch is invalid.
Line 123: The property name AutoStart in glitch is invalid.
Line 124: The property name AnimationAtStart in glitch is invalid.
Line 125: The property name AllowScan in glitch is invalid.
Line 126: The property name AllowChangeDisplaySize in glitch is invalid.
Line 127: The property name AutoRewind in glitch is invalid.
Line 128: The property name Balance in glitch is invalid.
Line 129: The property name BaseURL in glitch is invalid.
Line 130: The property name BufferingTime in glitch is invalid.
Line 131: The property name CaptioningID in glitch is invalid.
Line 132: The property name ClickToPlay in glitch is invalid.
Line 133: The property name CursorType in glitch is invalid.
Line 134: The property name CurrentPosition in glitch is invalid.
Line 135: The property name CurrentMarker in glitch is invalid.
Line 136: The property name DefaultFrame in glitch is invalid.
Line 137: The property name DisplayBackColor in glitch is invalid.
Line 138: The property name DisplayForeColor in glitch is invalid.
Line 139: The property name DisplayMode in glitch is invalid.
Line 140: The property name DisplaySize in glitch is invalid.
Line 142: The property name EnableContextMenu in glitch is invalid.
Line 143: The property name EnablePositionControls in glitch is invalid.
Line 144: The property name EnableFullScreenControls in glitch is invalid.
Line 145: The property name EnableTracker in glitch is invalid.
Line 146: The property name Filename in glitch is invalid.
Line 147: The property name InvokeURLs in glitch is invalid.
Line 148: The property name Language in glitch is invalid.
Line 149: The property name Mute in glitch is invalid.
Line 150: The property name PlayCount in glitch is invalid.
Line 151: The property name PreviewMode in glitch is invalid.
Line 152: The property name Rate in glitch is invalid.
Line 153: The property name SAMILang in glitch is invalid.
Line 154: The property name SAMIStyle in glitch is invalid.
Line 155: The property name SAMIFileName in glitch is invalid.
Line 156: The property name SelectionStart in glitch is invalid.
Line 157: The property name SelectionEnd in glitch is invalid.
Line 158: The property name SendOpenStateChangeEvents in glitch is invalid.
Line 159: The property name SendWarningEvents in glitch is invalid.
Line 160: The property name SendErrorEvents in glitch is invalid.
Line 161: The property name SendKeyboardEvents in glitch is invalid.
Line 162: The property name SendMouseClickEvents in glitch is invalid.
Line 163: The property name SendMouseMoveEvents in glitch is invalid.
Line 164: The property name SendPlayStateChangeEvents in glitch is invalid.
Line 165: The property name ShowCaptioning in glitch is invalid.
Line 166: The property name ShowControls in glitch is invalid.
Line 167: The property name ShowAudioControls in glitch is invalid.
Line 168: The property name ShowDisplay in glitch is invalid.
Line 169: The property name ShowGotoBar in glitch is invalid.
Line 170: The property name ShowPositionControls in glitch is invalid.
Line 171: The property name ShowStatusBar in glitch is invalid.
Line 172: The property name ShowTracker in glitch is invalid.
Line 173: The property name TransparentAtStart in glitch is invalid.
Line 174: The property name VideoBorderWidth in glitch is invalid.
Line 175: The property name VideoBorderColor in glitch is invalid.
Line 176: The property name VideoBorder3D in glitch is invalid.
Line 177: The property name Volume in glitch is invalid.
Line 178: The property name WindowlessVideo in glitch is invalid.
Line 188: The property name AudioStream in glitch is invalid.
Line 190: The property name AutoStart in glitch is invalid.
Line 191: The property name AnimationAtStart in glitch is invalid.
Line 192: The property name AllowScan in glitch is invalid.
Line 193: The property name AllowChangeDisplaySize in glitch is invalid.
Line 194: The property name AutoRewind in glitch is invalid.
Line 195: The property name Balance in glitch is invalid.
Line 196: The property name BaseURL in glitch is invalid.
Line 197: The property name BufferingTime in glitch is invalid.
Line 198: The property name CaptioningID in glitch is invalid.
Line 199: The property name ClickToPlay in glitch is invalid.
Line 200: The property name CursorType in glitch is invalid.
Line 201: The property name CurrentPosition in glitch is invalid.
Line 202: The property name CurrentMarker in glitch is invalid.
Line 203: The property name DefaultFrame in glitch is invalid.
Line 204: The property name DisplayBackColor in glitch is invalid.
Line 205: The property name DisplayForeColor in glitch is invalid.
Line 206: The property name DisplayMode in glitch is invalid.
Line 207: The property name DisplaySize in glitch is invalid.
Line 209: The property name EnableContextMenu in glitch is invalid.
Line 210: The property name EnablePositionControls in glitch is invalid.
Line 211: The property name EnableFullScreenControls in glitch is invalid.
Line 212: The property name EnableTracker in glitch is invalid.
Line 213: The property name Filename in glitch is invalid.
Line 214: The property name InvokeURLs in glitch is invalid.
Line 215: The property name Language in glitch is invalid.
Line 216: The property name Mute in glitch is invalid.
Line 217: The property name PlayCount in glitch is invalid.
Line 218: The property name PreviewMode in glitch is invalid.
Line 219: The property name Rate in glitch is invalid.
Line 220: The property name SAMILang in glitch is invalid.
Line 221: The property name SAMIStyle in glitch is invalid.
Line 222: The property name SAMIFileName in glitch is invalid.
Line 223: The property name SelectionStart in glitch is invalid.
Line 224: The property name SelectionEnd in glitch is invalid.
Line 225: The property name SendOpenStateChangeEvents in glitch is invalid.
Line 226: The property name SendWarningEvents in glitch is invalid.
Line 227: The property name SendErrorEvents in glitch is invalid.
Line 228: The property name SendKeyboardEvents in glitch is invalid.
Line 229: The property name SendMouseClickEvents in glitch is invalid.
Line 230: The property name SendMouseMoveEvents in glitch is invalid.
Line 231: The property name SendPlayStateChangeEvents in glitch is invalid.
Line 232: The property name ShowCaptioning in glitch is invalid.
Line 233: The property name ShowControls in glitch is invalid.
Line 234: The property name ShowAudioControls in glitch is invalid.
Line 235: The property name ShowDisplay in glitch is invalid.
Line 236: The property name ShowGotoBar in glitch is invalid.
Line 237: The property name ShowPositionControls in glitch is invalid.
Line 238: The property name ShowStatusBar in glitch is invalid.
Line 239: The property name ShowTracker in glitch is invalid.
Line 240: The property name TransparentAtStart in glitch is invalid.
Line 241: The property name VideoBorderWidth in glitch is invalid.
Line 242: The property name VideoBorderColor in glitch is invalid.
Line 243: The property name VideoBorder3D in glitch is invalid.
Line 244: The property name Volume in glitch is invalid.
Line 245: The property name WindowlessVideo in glitch is invalid.
Line 255: The property name AudioStream in glitch is invalid.
Line 257: The property name AutoStart in glitch is invalid.
Line 258: The property name AnimationAtStart in glitch is invalid.
Line 259: The property name AllowScan in glitch is invalid.
Line 260: The property name AllowChangeDisplaySize in glitch is invalid.
Line 261: The property name AutoRewind in glitch is invalid.
Line 262: The property name Balance in glitch is invalid.
Line 263: The property name BaseURL in glitch is invalid.
Line 264: The property name BufferingTime in glitch is invalid.
Line 265: The property name CaptioningID in glitch is invalid.
Line 266: The property name ClickToPlay in glitch is invalid.
Line 267: The property name CursorType in glitch is invalid.
Line 268: The property name CurrentPosition in glitch is invalid.
Line 269: The property name CurrentMarker in glitch is invalid.
Line 270: The property name DefaultFrame in glitch is invalid.
Line 271: The property name DisplayBackColor in glitch is invalid.
Line 272: The property name DisplayForeColor in glitch is invalid.
Line 273: The property name DisplayMode in glitch is invalid.
Line 274: The property name DisplaySize in glitch is invalid.
Line 276: The property name EnableContextMenu in glitch is invalid.
Line 277: The property name EnablePositionControls in glitch is invalid.
Line 278: The property name EnableFullScreenControls in glitch is invalid.
Line 279: The property name EnableTracker in glitch is invalid.
Line 280: The property name Filename in glitch is invalid.
Line 281: The property name InvokeURLs in glitch is invalid.
Line 282: The property name Language in glitch is invalid.
Line 283: The property name Mute in glitch is invalid.
Line 284: The property name PlayCount in glitch is invalid.
Line 285: The property name PreviewMode in glitch is invalid.
Line 286: The property name Rate in glitch is invalid.
Line 287: The property name SAMILang in glitch is invalid.
Line 288: The property name SAMIStyle in glitch is invalid.
Line 289: The property name SAMIFileName in glitch is invalid.
Line 290: The property name SelectionStart in glitch is invalid.
Line 291: The property name SelectionEnd in glitch is invalid.
Line 292: The property name SendOpenStateChangeEvents in glitch is invalid.
Line 293: The property name SendWarningEvents in glitch is invalid.
Line 294: The property name SendErrorEvents in glitch is invalid.
Line 295: The property name SendKeyboardEvents in glitch is invalid.
Line 296: The property name SendMouseClickEvents in glitch is invalid.
Line 297: The property name SendMouseMoveEvents in glitch is invalid.
Line 298: The property name SendPlayStateChangeEvents in glitch is invalid.
Line 299: The property name ShowCaptioning in glitch is invalid.
Line 300: The property name ShowControls in glitch is invalid.
Line 301: The property name ShowAudioControls in glitch is invalid.
Line 302: The property name ShowDisplay in glitch is invalid.
Line 303: The property name ShowGotoBar in glitch is invalid.
Line 304: The property name ShowPositionControls in glitch is invalid.
Line 305: The property name ShowStatusBar in glitch is invalid.
Line 306: The property name ShowTracker in glitch is invalid.
Line 307: The property name TransparentAtStart in glitch is invalid.
Line 308: The property name VideoBorderWidth in glitch is invalid.
Line 309: The property name VideoBorderColor in glitch is invalid.
Line 310: The property name VideoBorder3D in glitch is invalid.
Line 311: The property name Volume in glitch is invalid.
Line 312: The property name WindowlessVideo in glitch is invalid.
Line 322: The property name AudioStream in glitch is invalid.
Line 324: The property name AutoStart in glitch is invalid.
Line 325: The property name AnimationAtStart in glitch is invalid.
Line 326: The property name AllowScan in glitch is invalid.
Line 327: The property name AllowChangeDisplaySize in glitch is invalid.
Line 328: The property name AutoRewind in glitch is invalid.
Line 329: The property name Balance in glitch is invalid.
Line 330: The property name BaseURL in glitch is invalid.
Line 331: The property name BufferingTime in glitch is invalid.
Line 332: The property name CaptioningID in glitch is invalid.
Line 333: The property name ClickToPlay in glitch is invalid.
Line 334: The property name CursorType in glitch is invalid.
Line 335: The property name CurrentPosition in glitch is invalid.
Line 336: The property name CurrentMarker in glitch is invalid.
Line 337: The property name DefaultFrame in glitch is invalid.
Line 338: The property name DisplayBackColor in glitch is invalid.
Line 339: The property name DisplayForeColor in glitch is invalid.
Line 340: The property name DisplayMode in glitch is invalid.
Line 341: The property name DisplaySize in glitch is invalid.
Line 343: The property name EnableContextMenu in glitch is invalid.
Line 344: The property name EnablePositionControls in glitch is invalid.
Line 345: The property name EnableFullScreenControls in glitch is invalid.
Line 346: The property name EnableTracker in glitch is invalid.
Line 347: The property name Filename in glitch is invalid.
Line 348: The property name InvokeURLs in glitch is invalid.
Line 349: The property name Language in glitch is invalid.
Line 350: The property name Mute in glitch is invalid.
Line 351: The property name PlayCount in glitch is invalid.
Line 352: The property name PreviewMode in glitch is invalid.
Line 353: The property name Rate in glitch is invalid.
Line 354: The property name SAMILang in glitch is invalid.
Line 355: The property name SAMIStyle in glitch is invalid.
Line 356: The property name SAMIFileName in glitch is invalid.
Line 357: The property name SelectionStart in glitch is invalid.
Line 358: The property name SelectionEnd in glitch is invalid.
Line 359: The property name SendOpenStateChangeEvents in glitch is invalid.
Line 360: The property name SendWarningEvents in glitch is invalid.
Line 361: The property name SendErrorEvents in glitch is invalid.
Line 362: The property name SendKeyboardEvents in glitch is invalid.
Line 363: The property name SendMouseClickEvents in glitch is invalid.
Line 364: The property name SendMouseMoveEvents in glitch is invalid.
Line 365: The property name SendPlayStateChangeEvents in glitch is invalid.
Line 366: The property name ShowCaptioning in glitch is invalid.
Line 367: The property name ShowControls in glitch is invalid.
Line 368: The property name ShowAudioControls in glitch is invalid.
Line 369: The property name ShowDisplay in glitch is invalid.
Line 370: The property name ShowGotoBar in glitch is invalid.
Line 371: The property name ShowPositionControls in glitch is invalid.
Line 372: The property name ShowStatusBar in glitch is invalid.
Line 373: The property name ShowTracker in glitch is invalid.
Line 374: The property name TransparentAtStart in glitch is invalid.
Line 375: The property name VideoBorderWidth in glitch is invalid.
Line 376: The property name VideoBorderColor in glitch is invalid.
Line 377: The property name VideoBorder3D in glitch is invalid.
Line 378: The property name Volume in glitch is invalid.
Line 379: The property name WindowlessVideo in glitch is invalid.
Line 683: The property name AudioStream in wmp is invalid.
Line 685: The property name AutoStart in wmp is invalid.
Line 686: The property name AnimationAtStart in wmp is invalid.
Line 687: The property name AllowScan in wmp is invalid.
Line 688: The property name AllowChangeDisplaySize in wmp is invalid.
Line 689: The property name AutoRewind in wmp is invalid.
Line 690: The property name Balance in wmp is invalid.
Line 691: The property name BaseURL in wmp is invalid.
Line 692: The property name BufferingTime in wmp is invalid.
Line 693: The property name CaptioningID in wmp is invalid.
Line 694: The property name ClickToPlay in wmp is invalid.
Line 695: The property name CursorType in wmp is invalid.
Line 696: The property name CurrentPosition in wmp is invalid.
Line 697: The property name CurrentMarker in wmp is invalid.
Line 698: The property name DefaultFrame in wmp is invalid.
Line 699: The property name DisplayBackColor in wmp is invalid.
Line 700: The property name DisplayForeColor in wmp is invalid.
Line 701: The property name DisplayMode in wmp is invalid.
Line 702: The property name DisplaySize in wmp is invalid.
Line 704: The property name EnableContextMenu in wmp is invalid.
Line 705: The property name EnablePositionControls in wmp is invalid.
Line 706: The property name EnableFullScreenControls in wmp is invalid.
Line 707: The property name EnableTracker in wmp is invalid.
Line 708: The property name Filename in wmp is invalid.
Line 709: The property name InvokeURLs in wmp is invalid.
Line 710: The property name Language in wmp is invalid.
Line 711: The property name Mute in wmp is invalid.
Line 712: The property name PlayCount in wmp is invalid.
Line 713: The property name PreviewMode in wmp is invalid.
Line 714: The property name Rate in wmp is invalid.
Line 715: The property name SAMILang in wmp is invalid.
Line 716: The property name SAMIStyle in wmp is invalid.
Line 717: The property name SAMIFileName in wmp is invalid.
Line 718: The property name SelectionStart in wmp is invalid.
Line 719: The property name SelectionEnd in wmp is invalid.
Line 720: The property name SendOpenStateChangeEvents in wmp is invalid.
Line 721: The property name SendWarningEvents in wmp is invalid.
Line 722: The property name SendErrorEvents in wmp is invalid.
Line 723: The property name SendKeyboardEvents in wmp is invalid.
Line 724: The property name SendMouseClickEvents in wmp is invalid.
Line 725: The property name SendMouseMoveEvents in wmp is invalid.
Line 726: The property name SendPlayStateChangeEvents in wmp is invalid.
Line 727: The property name ShowCaptioning in wmp is invalid.
Line 728: The property name ShowControls in wmp is invalid.
Line 729: The property name ShowAudioControls in wmp is invalid.
Line 730: The property name ShowDisplay in wmp is invalid.
Line 731: The property name ShowGotoBar in wmp is invalid.
Line 732: The property name ShowPositionControls in wmp is invalid.
Line 733: The property name ShowStatusBar in wmp is invalid.
Line 734: The property name ShowTracker in wmp is invalid.
Line 735: The property name TransparentAtStart in wmp is invalid.
Line 736: The property name VideoBorderWidth in wmp is invalid.
Line 737: The property name VideoBorderColor in wmp is invalid.
Line 738: The property name VideoBorder3D in wmp is invalid.
Line 739: The property name Volume in wmp is invalid.
Line 740: The property name WindowlessVideo in wmp is invalid.
